0 info it worked if it ends with ok
1 verbose cli [ '/usr/bin/nodejs',
1 verbose cli   '/usr/local/bin/npm',
1 verbose cli   'install',
1 verbose cli   '-g',
1 verbose cli   'bower' ]
2 info using npm@3.5.2
3 info using node@v4.2.6
4 silly loadCurrentTree Starting
5 silly install loadCurrentTree
6 silly install readGlobalPackageData
7 silly fetchPackageMetaData bower
8 silly fetchNamedPackageData bower
9 silly mapToRegistry name bower
10 silly mapToRegistry using default registry
11 silly mapToRegistry registry https://registry.npmjs.org/
12 silly mapToRegistry uri https://registry.npmjs.org/bower
13 verbose request uri https://registry.npmjs.org/bower
14 verbose request no auth needed
15 info attempt registry request try #1 at 23:24:38
16 verbose request id 4fd418ce98ed3cb9
17 http request GET https://registry.npmjs.org/bower
18 http 200 https://registry.npmjs.org/bower
19 verbose headers { server: 'nginx/1.10.1',
19 verbose headers   'content-type': 'application/json',
19 verbose headers   'last-modified': 'Thu, 27 Apr 2017 06:55:53 GMT',
19 verbose headers   etag: 'W/"590195f9-2b00d"',
19 verbose headers   'content-encoding': 'gzip',
19 verbose headers   'cache-control': 'max-age=300',
19 verbose headers   'content-length': '16727',
19 verbose headers   'accept-ranges': 'bytes',
19 verbose headers   date: 'Sun, 30 Apr 2017 21:24:38 GMT',
19 verbose headers   via: '1.1 varnish',
19 verbose headers   age: '212',
19 verbose headers   connection: 'keep-alive',
19 verbose headers   'x-served-by': 'cache-lcy1130-LCY',
19 verbose headers   'x-cache': 'HIT',
19 verbose headers   'x-cache-hits': '1',
19 verbose headers   'x-timer': 'S1493587479.670108,VS0,VE0',
19 verbose headers   vary: 'Accept-Encoding' }
20 silly get cb [ 200,
20 silly get   { server: 'nginx/1.10.1',
20 silly get     'content-type': 'application/json',
20 silly get     'last-modified': 'Thu, 27 Apr 2017 06:55:53 GMT',
20 silly get     etag: 'W/"590195f9-2b00d"',
20 silly get     'content-encoding': 'gzip',
20 silly get     'cache-control': 'max-age=300',
20 silly get     'content-length': '16727',
20 silly get     'accept-ranges': 'bytes',
20 silly get     date: 'Sun, 30 Apr 2017 21:24:38 GMT',
20 silly get     via: '1.1 varnish',
20 silly get     age: '212',
20 silly get     connection: 'keep-alive',
20 silly get     'x-served-by': 'cache-lcy1130-LCY',
20 silly get     'x-cache': 'HIT',
20 silly get     'x-cache-hits': '1',
20 silly get     'x-timer': 'S1493587479.670108,VS0,VE0',
20 silly get     vary: 'Accept-Encoding' } ]
21 verbose get saving bower to /home/neodereshi/.npm/registry.npmjs.org/bower/.cache.json
22 silly install normalizeTree
23 silly loadCurrentTree Finishing
24 silly loadIdealTree Starting
25 silly install loadIdealTree
26 silly cloneCurrentTree Starting
27 silly install cloneCurrentTreeToIdealTree
28 silly cloneCurrentTree Finishing
29 silly loadShrinkwrap Starting
30 silly install loadShrinkwrap
31 silly loadShrinkwrap Finishing
32 silly loadAllDepsIntoIdealTree Starting
33 silly install loadAllDepsIntoIdealTree
34 silly resolveWithNewModule bower@1.8.0 checking installable status
35 silly cache add args [ 'bower', null ]
36 verbose cache add spec bower
37 silly cache add parsed spec Result {
37 silly cache add   raw: 'bower',
37 silly cache add   scope: null,
37 silly cache add   name: 'bower',
37 silly cache add   rawSpec: '',
37 silly cache add   spec: 'latest',
37 silly cache add   type: 'tag' }
38 silly addNamed bower@latest
39 verbose addNamed "latest" is being treated as a dist-tag for bower
40 info addNameTag [ 'bower', 'latest' ]
41 silly mapToRegistry name bower
42 silly mapToRegistry using default registry
43 silly mapToRegistry registry https://registry.npmjs.org/
44 silly mapToRegistry uri https://registry.npmjs.org/bower
45 verbose addNameTag registry:https://registry.npmjs.org/bower not in flight; fetching
46 verbose get https://registry.npmjs.org/bower not expired, no request
47 silly addNameTag next cb for bower with tag latest
48 silly addNamed bower@1.8.0
49 verbose addNamed "1.8.0" is a plain semver version for bower
50 silly mapToRegistry name bower
51 silly mapToRegistry using default registry
52 silly mapToRegistry registry https://registry.npmjs.org/
53 silly mapToRegistry uri https://registry.npmjs.org/bower
54 verbose addRemoteTarball https://registry.npmjs.org/bower/-/bower-1.8.0.tgz not in flight; adding
55 verbose addRemoteTarball [ 'https://registry.npmjs.org/bower/-/bower-1.8.0.tgz',
55 verbose addRemoteTarball   '55dbebef0ad9155382d9e9d3e497c1372345b44a' ]
56 info retry fetch attempt 1 at 23:24:38
57 info attempt registry request try #1 at 23:24:38
58 http fetch GET https://registry.npmjs.org/bower/-/bower-1.8.0.tgz
59 http fetch 200 https://registry.npmjs.org/bower/-/bower-1.8.0.tgz
60 silly fetchAndShaCheck shasum 55dbebef0ad9155382d9e9d3e497c1372345b44a
61 verbose addTmpTarball /tmp/npm-11983-30f8496c/registry.npmjs.org/bower/-/bower-1.8.0.tgz not in flight; adding
62 verbose addTmpTarball already have metadata; skipping unpack for bower@1.8.0
63 silly cache afterAdd bower@1.8.0
64 verbose afterAdd /home/neodereshi/.npm/bower/1.8.0/package/package.json not in flight; writing
65 verbose afterAdd /home/neodereshi/.npm/bower/1.8.0/package/package.json written
66 silly loadAllDepsIntoIdealTree Finishing
67 silly idealTree:prePrune lib
67 silly idealTree:prePrune └── bower@1.8.0
68 silly loadIdealTree Finishing
69 silly currentTree lib
70 silly idealTree lib
70 silly idealTree └── bower@1.8.0
71 silly generateActionsToTake Starting
72 silly install generateActionsToTake
73 warn checkPermissions Missing write access to /usr/local/lib
74 silly rollbackFailedOptional Starting
75 silly rollbackFailedOptional Finishing
76 silly runTopLevelLifecycles Starting
77 silly runTopLevelLifecycles Finishing
78 silly install printInstalled
79 verbose stack Error: EACCES: permission denied, access '/usr/local/lib'
79 verbose stack     at Error (native)
80 verbose cwd /home/neodereshi/Documents/L3/S6/PW6/projet/projet_web
81 error Linux 4.4.0-75-generic
82 error argv "/usr/bin/nodejs" "/usr/local/bin/npm" "install" "-g" "bower"
83 error node v4.2.6
84 error npm  v3.5.2
85 error path /usr/local/lib
86 error code EACCES
87 error errno -13
88 error syscall access
89 error Error: EACCES: permission denied, access '/usr/local/lib'
89 error     at Error (native)
89 error  { [Error: EACCES: permission denied, access '/usr/local/lib']
89 error   errno: -13,
89 error   code: 'EACCES',
89 error   syscall: 'access',
89 error   path: '/usr/local/lib' }
90 error Please try running this command again as root/Administrator.
91 verbose exit [ -13, true ]
